<?xml version="1.0" encoding="UTF-8"?>
<!-- Generated by org.testng.reporters.JUnitReportReporter -->
<testsuite hostname="SOLUTIONS" failures="0" tests="1" name="testngwaitssy.t2" time="4.241" errors="0" timestamp="2023-11-13T19:25:32 GMT-05:00" skipped="0">
  <testcase classname="testngwaitssy.t2" name="hs" time="4.241"/>
  <system-out/>
</testsuite> <!-- testngwaitssy.t2 -->
