<?xml version="1.0" encoding="UTF-8"?>
<!-- Generated by org.testng.reporters.JUnitReportReporter -->
<testsuite hostname="SOLUTIONS" failures="0" tests="2" name="testngattributies.t4" time="18.141" errors="0" timestamp="2023-11-02T05:56:14 GMT-04:00" skipped="0">
  <testcase classname="testngattributies.t4" name="visting" time="10.236"/>
  <system-out/>
  <testcase classname="testngattributies.t4" name="help" time="7.905"/>
  <system-out/>
</testsuite> <!-- testngattributies.t4 -->
