<?xml version="1.0" encoding="UTF-8"?>
<!-- Generated by org.testng.reporters.JUnitReportReporter -->
<testsuite hostname="SOLUTIONS" failures="0" tests="7" name="testngdependency.realtime" time="13.097" errors="0" timestamp="2023-10-31T19:27:24 GMT-04:00" skipped="0">
  <testcase classname="testngdependency.realtime" name="visitingg" time="5.713"/>
  <system-out/>
  <testcase classname="testngdependency.realtime" name="max" time="0.154"/>
  <system-out/>
  <testcase classname="testngdependency.realtime" name="refresh" time="1.288"/>
  <system-out/>
  <testcase classname="testngdependency.realtime" name="refresh" time="0.785"/>
  <system-out/>
  <testcase classname="testngdependency.realtime" name="refresh" time="0.989"/>
  <system-out/>
  <testcase classname="testngdependency.realtime" name="clicking" time="1.685"/>
  <system-out/>
  <testcase classname="testngdependency.realtime" name="close" time="2.483"/>
  <system-out/>
</testsuite> <!-- testngdependency.realtime -->
