<?xml version="1.0" encoding="UTF-8"?>
<!-- Generated by org.testng.reporters.JUnitReportReporter -->
<testsuite hostname="SOLUTIONS" failures="0" tests="3" name="testngattributies.t1" time="0.015" errors="0" timestamp="2023-11-09T04:25:05 GMT-05:00" skipped="2">
  <testcase classname="testngattributies.t1" name="ab" time="0.015"/>
  <system-out/>
  <testcase classname="testngattributies.t1" name="m1">
    <skipped/>
  </testcase> <!-- m1 -->
  <system-out/>
  <testcase classname="testngattributies.t1" name="m2">
    <skipped/>
  </testcase> <!-- m2 -->
  <system-out/>
</testsuite> <!-- testngattributies.t1 -->
