<?xml version="1.0" encoding="UTF-8"?>
<!-- Generated by org.testng.reporters.JUnitReportReporter -->
<testsuite hostname="SOLUTIONS" failures="0" tests="1" name="testngassertion.a2" time="5.253" errors="0" timestamp="2023-11-02T19:23:31 GMT-04:00" skipped="0">
  <testcase classname="testngassertion.a2" name="soft" time="5.253"/>
  <system-out/>
</testsuite> <!-- testngassertion.a2 -->
