<?xml version="1.0" encoding="UTF-8"?>
<!-- Generated by org.testng.reporters.JUnitReportReporter -->
<testsuite hostname="SOLUTIONS" failures="0" tests="1" name="testngwaitssy.t1" time="5.608" errors="0" timestamp="2023-11-13T19:23:26 GMT-05:00" skipped="0">
  <testcase classname="testngwaitssy.t1" name="hs" time="5.608"/>
  <system-out/>
</testsuite> <!-- testngwaitssy.t1 -->
