<?xml version="1.0" encoding="UTF-8"?>
<!-- Generated by org.testng.reporters.JUnitReportReporter -->
<testsuite hostname="SOLUTIONS" failures="0" tests="2" name="testngdependency.t1" time="0.023" errors="0" timestamp="2023-10-31T19:06:33 GMT-04:00" skipped="0">
  <testcase classname="testngdependency.t1" name="visiting" time="0.019"/>
  <system-out/>
  <testcase classname="testngdependency.t1" name="login" time="0.004"/>
  <system-out/>
</testsuite> <!-- testngdependency.t1 -->
