<?xml version="1.0" encoding="UTF-8"?>
<!-- Generated by org.testng.reporters.JUnitReportReporter -->
<testsuite hostname="SOLUTIONS" failures="0" tests="2" name="testngannotion.a1" time="0.021" errors="0" timestamp="2023-11-01T19:12:15 GMT-04:00" skipped="0">
  <testcase classname="testngannotion.a1" name="t1" time="0.014"/>
  <system-out/>
  <testcase classname="testngannotion.a1" name="t2" time="0.007"/>
  <system-out/>
</testsuite> <!-- testngannotion.a1 -->
