<?xml version="1.0" encoding="UTF-8"?>
<!-- Generated by org.testng.reporters.JUnitReportReporter -->
<testsuite hostname="SOLUTIONS" failures="0" tests="2" name="testngassertion.a1" time="12.123" errors="0" timestamp="2023-11-02T19:43:34 GMT-04:00" skipped="0">
  <testcase classname="testngassertion.a1" name="hard" time="5.595"/>
  <system-out/>
  <testcase classname="testngassertion.a1" name="hard2" time="6.528"/>
  <system-out/>
</testsuite> <!-- testngassertion.a1 -->
