<?xml version="1.0" encoding="UTF-8"?>
<!-- Generated by org.testng.reporters.JUnitReportReporter -->
<testsuite hostname="SOLUTIONS" failures="0" tests="2" name="testngannotion.realtime" time="8.201" errors="0" timestamp="2023-11-01T19:24:28 GMT-04:00" skipped="0">
  <testcase classname="testngannotion.realtime" name="t1" time="1.852"/>
  <system-out/>
  <testcase classname="testngannotion.realtime" name="t2" time="6.349"/>
  <system-out/>
</testsuite> <!-- testngannotion.realtime -->
