<?xml version="1.0" encoding="UTF-8"?>
<!-- Generated by org.testng.reporters.JUnitReportReporter -->
<testsuite hostname="SOLUTIONS" failures="0" tests="3" name="testngdependency.d2" time="0.041" errors="0" timestamp="2023-10-31T19:13:13 GMT-04:00" skipped="0">
  <testcase classname="testngdependency.d2" name="t1" time="0.024"/>
  <system-out/>
  <testcase classname="testngdependency.d2" name="t2" time="0.014"/>
  <system-out/>
  <testcase classname="testngdependency.d2" name="home" time="0.003"/>
  <system-out/>
</testsuite> <!-- testngdependency.d2 -->
