<?xml version="1.0" encoding="UTF-8"?>
<!-- Generated by org.testng.reporters.JUnitReportReporter -->
<testsuite hostname="SOLUTIONS" failures="0" tests="1" name="testngattributies.t2" time="0.035" errors="0" timestamp="2023-11-01T00:06:10 GMT-04:00" skipped="0">
  <testcase classname="testngattributies.t2" name="m1" time="0.035"/>
  <system-out/>
</testsuite> <!-- testngattributies.t2 -->
